0 info it worked if it ends with ok
1 verbose cli [ '/usr/bin/node', '/usr/local/bin/npm', 'run', 'test' ]
2 info using npm@3.10.3
3 info using node@v8.9.4
4 verbose run-script [ 'pretest', 'test', 'posttest' ]
5 info lifecycle node-graphql-starter@1.0.0~pretest: node-graphql-starter@1.0.0
6 silly lifecycle node-graphql-starter@1.0.0~pretest: no script for pretest, continuing
7 info lifecycle node-graphql-starter@1.0.0~test: node-graphql-starter@1.0.0
8 verbose lifecycle node-graphql-starter@1.0.0~test: unsafe-perm in lifecycle true
9 verbose lifecycle node-graphql-starter@1.0.0~test: PATH: /usr/local/lib/node_modules/npm/bin/node-gyp-bin:/home/fear/personal-projects/node-graphql-starter/node_modules/.bin:/usr/bin:/usr/local/sbin:/usr/local/bin:/usr/sbin:/usr/bin:/sbin:/bin:/usr/games:/usr/local/games:/snap/bin:/usr/lib/jvm/java-8-oracle/bin:/usr/lib/jvm/java-8-oracle/db/bin:/usr/lib/jvm/java-8-oracle/jre/bin:/home/fear/scripts:/usr/lib/jvm/java-8-oracle/bin:/usr/lib/jvm/java-8-oracle/db/bin:/usr/lib/jvm/java-8-oracle/jre/bin:/home/fear/scripts
10 verbose lifecycle node-graphql-starter@1.0.0~test: CWD: /home/fear/personal-projects/node-graphql-starter
11 silly lifecycle node-graphql-starter@1.0.0~test: Args: [ '-c', 'tape tests/**/*.js | tap-spec' ]
12 silly lifecycle node-graphql-starter@1.0.0~test: Returned: code: 1  signal: null
13 info lifecycle node-graphql-starter@1.0.0~test: Failed to exec test script
14 verbose stack Error: node-graphql-starter@1.0.0 test: `tape tests/**/*.js | tap-spec`
14 verbose stack Exit status 1
14 verbose stack     at EventEmitter.<anonymous> (/usr/local/lib/node_modules/npm/lib/utils/lifecycle.js:242:16)
14 verbose stack     at emitTwo (events.js:126:13)
14 verbose stack     at EventEmitter.emit (events.js:214:7)
14 verbose stack     at ChildProcess.<anonymous> (/usr/local/lib/node_modules/npm/lib/utils/spawn.js:40:14)
14 verbose stack     at emitTwo (events.js:126:13)
14 verbose stack     at ChildProcess.emit (events.js:214:7)
14 verbose stack     at maybeClose (internal/child_process.js:925:16)
14 verbose stack     at Process.ChildProcess._handle.onexit (internal/child_process.js:209:5)
15 verbose pkgid node-graphql-starter@1.0.0
16 verbose cwd /home/fear/personal-projects/node-graphql-starter
17 error Linux 4.4.0-119-generic
18 error argv "/usr/bin/node" "/usr/local/bin/npm" "run" "test"
19 error node v8.9.4
20 error npm  v3.10.3
21 error code ELIFECYCLE
22 error node-graphql-starter@1.0.0 test: `tape tests/**/*.js | tap-spec`
22 error Exit status 1
23 error Failed at the node-graphql-starter@1.0.0 test script 'tape tests/**/*.js | tap-spec'.
23 error Make sure you have the latest version of node.js and npm installed.
23 error If you do, this is most likely a problem with the node-graphql-starter package,
23 error not with npm itself.
23 error Tell the author that this fails on your system:
23 error     tape tests/**/*.js | tap-spec
23 error You can get information on how to open an issue for this project with:
23 error     npm bugs node-graphql-starter
23 error Or if that isn't available, you can get their info via:
23 error     npm owner ls node-graphql-starter
23 error There is likely additional logging output above.
24 verbose exit [ 1, true ]
